1.063568081042088664e+00
1.063475008696017632e+00
1.063378496031453624e+00
1.063281074437758988e+00
1.063138926896864955e+00
1.062983362048272928e+00
1.062862478592284443e+00
1.062695220479845437e+00
1.062692114068595428e+00
1.062518034552376145e+00
1.062443749788537950e+00
1.062384539273310224e+00
1.062105436739085640e+00
1.062036953519946314e+00
1.061827739313121022e+00
1.061574682744012899e+00
1.061495678786724239e+00
1.061319114947434583e+00
1.061034896706540831e+00
1.060764662756471965e+00
1.060654734419328893e+00
1.060507849508109501e+00
1.060277351509839150e+00
1.060090713858006461e+00
1.059826801901311066e+00
1.059814198762170978e+00
1.059626469747475097e+00
1.059306147657040009e+00
1.059139354421883672e+00
1.058791433710706054e+00
1.058697416834116556e+00
1.058500499832575992e+00
1.058224937158217527e+00
1.057877322193984559e+00
1.057382568846670035e+00
1.057219657978017757e+00
1.057090478317277649e+00
1.056714732637177745e+00
1.056524603353868219e+00
1.056197637353566865e+00
1.056085655889493102e+00
1.055523584132303405e+00
1.055090205673022918e+00
1.055040792221286994e+00
1.054712110428892569e+00
1.054572633641928103e+00
1.054222445148123910e+00
1.053961224732252289e+00
1.053467057339603219e+00
1.053264905554156305e+00
1.053134027040070864e+00
1.052842904226364951e+00
1.052377489546153067e+00
1.052248366710023975e+00
1.052015350801513316e+00
1.051547248225071396e+00
1.051238312504815253e+00
1.050806609674971082e+00
1.050450487405664379e+00
1.049895148080203677e+00
1.049812293631554372e+00
1.049624988749549459e+00
1.049256414932059567e+00
1.048855123288869873e+00
1.048561815400295361e+00
1.048352551485120632e+00
1.047900273748365363e+00
1.047508131614274252e+00
1.047006645758922661e+00
1.046393010766081488e+00
1.046053255759163525e+00
1.045337109727126235e+00
1.044721611238941028e+00
1.044282124682529123e+00
1.044055308280588346e+00
1.043627658359567389e+00
1.043261707944231231e+00
1.042645906260688760e+00
1.042194003948660130e+00
1.041609854045350225e+00
1.040903540801514593e+00
1.040617394733256873e+00
1.040276043868029632e+00
1.040032179289689385e+00
1.039867559681564524e+00
1.038930471023759239e+00
1.037792880541430263e+00
1.037522094780414239e+00
1.037042766961971729e+00
1.036282013328694074e+00
1.035914242206338987e+00
1.035345636981151118e+00
1.035223624850772239e+00
1.033735024512641765e+00
1.032617275871009266e+00
1.031878014107291852e+00
1.031845504705010352e+00
1.031035378690968285e+00
1.030583643131398830e+00
1.029917656953058147e+00
1.029301926081890528e+00
1.029292340063652667e+00
1.026553783132286624e+00
1.026260868148616279e+00
1.025510031329980087e+00
1.024709328716732371e+00
1.024413545126735992e+00
1.021941250907149490e+00
1.020138930128835497e+00
1.019598155645919713e+00
1.018353111384334486e+00
1.018230630021983218e+00
1.013382497197031107e+00
1.012859582063321717e+00
2.257760964968738904e+00
2.256516810260805528e+00
4.330790298712437369e+00
4.280389222118700765e+00
9.599986533122532251e+00
8.456541785812470735e+00
