2.651890784451884642e+00
2.647105292901712037e+00
2.636717312402813373e+00
2.632822024566120689e+00
2.627125382760798100e+00
2.604230644993698274e+00
2.616408632666650913e+00
2.620134144182889369e+00
2.583221260311119316e+00
2.620480417619900138e+00
2.607125331692691450e+00
2.600247393805399376e+00
2.585845517427635354e+00
2.560040905054560501e+00
2.560663505884235747e+00
2.556167837558972700e+00
2.546227606447157843e+00
2.535350556711780445e+00
2.519259932549340331e+00
2.504342460455905695e+00
2.484709074170626586e+00
2.481327041956094881e+00
2.458218952962391679e+00
2.454129391197331866e+00
2.454915012207054215e+00
2.435174232894124380e+00
2.424071174058063605e+00
2.404460349304654798e+00
2.392374180118131299e+00
2.378206851920583009e+00
2.361614208550157468e+00
2.348306760079164057e+00
2.332211019859824042e+00
2.314470134753608299e+00
2.301106310427965873e+00
2.281477499760407479e+00
2.263661424424031843e+00
2.263657722153100682e+00
2.241038267702440301e+00
2.223283481107523052e+00
2.207776946517860051e+00
2.191502904167917709e+00
2.165652480510015465e+00
2.136852581320887623e+00
2.130450637785627155e+00
2.148025373281362782e+00
2.120892397774957860e+00
2.091253252998799717e+00
2.077013016989780247e+00
2.660129261568687120e+00
2.617237024449934779e+00
2.573251117236449392e+00
2.503983424943329261e+00
2.494400137570780718e+00
2.195719245177410350e+00
2.193688194141562686e+00
2.166332364971851554e+00
2.326092749188779063e+00
2.170855706669149843e+00
2.059607281159351544e+00
2.063179278574059250e+00
2.774773915299765470e+00
2.730878101231033916e+00
2.799550000314448450e+00
2.731932944359040771e+00
3.061400609351660584e+00
3.022262024176101125e+00
3.017052456641268421e+00
2.987464623865514035e+00
2.909821353276078604e+00
2.887689407923271556e+00
2.870911145150326416e+00
2.824211921245687318e+00
2.808264932170230654e+00
2.811195831992480798e+00
2.798751218982548306e+00
2.780187190310968504e+00
2.767859322478359196e+00
2.731408173552218432e+00
2.707630829458507637e+00
2.707077604947401905e+00
2.690482735272349490e+00
2.647509848641334429e+00
2.646404737189669287e+00
2.598702288592052323e+00
2.443623919960706825e+00
2.419237883997128691e+00
2.318266745769198334e+00
2.341437976115904984e+00
2.183331275381132475e+00
2.174852716128877095e+00
2.585288674825441113e+00
3.944893526524779315e+00
3.942632662314173420e+00
3.923508548170713262e+00
3.891097903711391304e+00
3.878568279432729415e+00
3.553410319331544720e+00
3.124842388978981589e+00
5.863060993175512436e+00
5.863648426969586325e+00
5.854159181978739745e+00
5.699896189041810501e+00
5.772589497768688460e+00
5.630927197481864432e+00
5.548368808674330133e+00
4.193268429333627978e+00
7.042520183021771629e+00
6.588630304055155484e+00
6.485784083911824816e+00
6.129195769628759116e+00
6.122353301806093384e+00
6.135597838095926626e+00
8.833542073114466930e+00
8.627973974286790693e+00
7.196321246474171041e+00
6.936939770761312296e+00
6.388709380569024709e+00
6.344486735851819326e+00
5.299599182376959483e+00
