1.709609181996095018e+00
1.709477266845218724e+00
1.707254138801785670e+00
1.706196996640954477e+00
1.707356112016130911e+00
1.702138317291554070e+00
1.701552598275942296e+00
1.698086373838892715e+00
1.695764102766473380e+00
1.682386479504131449e+00
1.677640585156879638e+00
1.678097488714177077e+00
1.676680495125593362e+00
1.669009420213298123e+00
1.668392748405393977e+00
1.665904995414492440e+00
1.662723113777757389e+00
1.662378558048514199e+00
1.659049175981031299e+00
1.658576546989925404e+00
1.654270469194074167e+00
1.651234103674541709e+00
1.645530573884201875e+00
1.643357895775475308e+00
1.639056690612475053e+00
1.635217054905788725e+00
1.634414948392155953e+00
1.629718659701296257e+00
1.626994851234989659e+00
1.622690886746309902e+00
1.621425234029157059e+00
1.619755029143915337e+00
1.618098006371851749e+00
1.615440215116180633e+00
1.610564797797697123e+00
1.609431162312559227e+00
1.604101242548880313e+00
1.602054123863211110e+00
1.601791266444599238e+00
1.598703898931658429e+00
1.595486572281877846e+00
1.591764941235685571e+00
1.591439077161658444e+00
1.592845016664248492e+00
1.591192503792920432e+00
1.586477829362654690e+00
1.586056383441527995e+00
1.585757987715771478e+00
1.581843387025170689e+00
1.575404127880591476e+00
1.575787066220180277e+00
1.575999535865947987e+00
1.573037338785639783e+00
1.569543597616612107e+00
1.564966998118660468e+00
1.565358054112663710e+00
1.562128740073674305e+00
1.561041523958089039e+00
1.560155296282272452e+00
1.559081678066145615e+00
1.550538528306170560e+00
1.548476787014706479e+00
1.546424717454161435e+00
1.545927384462658205e+00
1.545500327522232764e+00
1.542756831091414593e+00
1.538122811405374435e+00
1.534837306012156954e+00
1.531941248772227704e+00
1.520887691818163523e+00
1.517769552506601061e+00
1.511214563319799531e+00
1.508662606762777081e+00
1.507058369015079835e+00
1.509703430344545794e+00
1.506128913006029801e+00
1.502621582658372201e+00
1.495247664261135645e+00
1.491304759461701712e+00
1.491763085181917914e+00
1.481899254186645587e+00
1.477917335128984044e+00
1.475731448229685716e+00
1.475715976252931716e+00
1.474668066129400046e+00
1.467854024346251007e+00
1.464150624352905217e+00
1.460001813873443410e+00
1.463406995051077519e+00
1.460757244023573431e+00
1.458414676153293454e+00
1.458406664104694883e+00
1.455065286659284363e+00
1.450226026730571105e+00
1.440483329971398385e+00
1.439659902061880103e+00
1.434920790413067415e+00
1.428736939387076355e+00
1.424146355673873376e+00
1.423838578430303148e+00
1.420447600429647350e+00
1.405320093734909292e+00
1.404751937373189374e+00
1.397022835201354285e+00
1.392255093772485797e+00
1.391849536827184375e+00
1.385944802311857238e+00
1.380854024733100482e+00
1.380820348319444557e+00
1.378343651913798817e+00
1.379074077790594766e+00
1.375545537295599363e+00
1.374229156482080327e+00
1.377768530562740068e+00
1.368248684223931866e+00
1.364009847088980099e+00
1.352649169057510203e+00
1.352539875882793785e+00
1.347782086586300165e+00
1.346059290660432062e+00
1.343419044145030217e+00
1.342763783729307159e+00
1.344353747190430770e+00
1.337658975754332680e+00
1.342969462145709114e+00
1.339940920580917405e+00
1.335843573982950172e+00
1.333069872808541945e+00
1.330823286596870325e+00
1.321191112973450155e+00
1.321393574868819476e+00
1.313629842210863430e+00
1.312347790898872768e+00
1.306468008989840390e+00
1.306364637076857793e+00
1.304141878975394686e+00
1.301205781022653385e+00
1.295754685460484446e+00
1.295159216613375408e+00
1.289469302807899398e+00
1.289746182306271693e+00
1.288427555830373938e+00
1.286107666454508358e+00
1.283303083564407920e+00
1.278121536566720451e+00
1.277846757451862381e+00
1.275011494972990267e+00
1.272839554212793933e+00
1.272512572282333165e+00
1.267017249676527957e+00
1.261195319482369959e+00
1.254650960241089352e+00
1.253844530438108951e+00
1.246976042864632372e+00
1.246190508741547243e+00
1.238864747552919088e+00
1.233072780108437794e+00
1.233276970724815458e+00
1.226451730602659440e+00
1.221916251336272463e+00
1.209981688984670622e+00
1.208931521436256373e+00
1.208545197273339644e+00
1.204799716174399071e+00
1.198149000743863102e+00
1.187590311196282000e+00
1.186033001232012607e+00
1.185347542165675838e+00
1.173898934169367525e+00
1.172790182343793397e+00
1.172789007392054605e+00
1.171213792866134584e+00
1.158706333006426448e+00
1.157372727646124533e+00
1.153424067263105313e+00
1.151179628666435306e+00
1.146461850090082946e+00
1.142705368959819445e+00
1.142619329679445794e+00
1.139224513567232311e+00
1.138102044743438901e+00
1.141201938552858675e+00
1.132451352428895275e+00
1.130302898161837488e+00
1.129636190963850151e+00
1.127677800050718604e+00
1.121154684687341474e+00
1.120578510708765796e+00
1.117011767196643079e+00
1.116252992919308129e+00
1.101644606700478590e+00
1.099082238729564232e+00
1.098260084765461553e+00
1.081568346406850178e+00
1.068671750085859129e+00
1.069674161177412541e+00
1.069501181314792326e+00
1.132200939864663525e+00
1.122243306951588471e+00
1.111507079746368198e+00
9.873786415455449994e-01
1.013946460004123695e+00
9.662639292451670192e-01
9.501629050656271724e-01
9.164508895661013232e-01
8.993877918630930335e-01
8.839781975768712385e-01
8.371303282913939992e-01
8.351367753777957370e-01
8.973111348823591404e-01
1.027280175586154698e+00
1.026563050942015609e+00
1.015099384327415200e+00
9.861686519449778254e-01
9.116694691947830886e-01
9.116778702861562111e-01
8.962057706516242117e-01
8.807644211780288890e-01
8.788148723080069225e-01
8.786504008956447231e-01
8.803637626245762737e-01
9.005158342695900320e-01
9.806206710706094620e-01
9.737617005341402399e-01
9.783310973447078007e-01
9.819122011673330208e-01
9.738165009491629442e-01
9.501071734741918240e-01
9.498872467842948142e-01
9.296873827528469025e-01
9.548691558571068549e-01
9.105206797455617229e-01
9.108067388194095448e-01
9.082266049636583682e-01
9.665606037072747014e-01
9.625541554710688175e-01
9.755278576938556379e-01
9.712385168077287689e-01
9.973415369798362962e-01
9.471372779956459542e-01
8.583617646966951176e-01
1.004010132519236542e+00
1.003415457433288083e+00
8.371023349719057816e-01
9.760242831878214176e-01
9.757928513999792886e-01
9.616693113313498076e-01
9.636375932251839416e-01
9.294036629043351816e-01
9.291292076852166737e-01
